Sun Nov 04 02:59:07 EST 2018 : Apache Derby 网络服务器 - 10.10.2.0 - (1582446) 已启动并准备接受端口 1527 上的连接
----------------------------------------------------------------
Sun Nov 04 02:59:17 EST 2018:
正在使用类加载程序 sun.misc.Launcher$AppClassLoader@1d44bcfa 引导数据库
目录 C:\Users\thinkpad\AppData\Roaming\NetBeans\Derby\IS2560 中的 Derby 版本 The Apache Software Foundation - Apache Derby - 10.10.2.0 - (1582446) 实例 a816c00e-0166-ddbb-78ee-00007220a008
已从 file:/C:/Program%20Files/glassfish-4.1.1/javadb/lib/derby.jar 加载
java.vendor=Oracle Corporation
java.runtime.version=1.8.0_191-b12
user.dir=C:\Program Files\glassfish-4.1.1\javadb
os.name=Windows 10
os.arch=amd64
os.version=10.0
derby.system.home=C:\Users\thinkpad\AppData\Roaming\NetBeans\Derby
数据库类加载程序已启动 - derby.database.classpath=''
----------------------------------------------------------------
Mon Nov 05 02:23:17 EST 2018：正在关闭 Derby 引擎
----------------------------------------------------------------
Mon Nov 05 02:23:17 EST 2018:
正在使用类加载程序 sun.misc.Launcher$AppClassLoader@1d44bcfa 关闭数据库目录 C:\Users\thinkpad\AppData\Roaming\NetBeans\Derby\IS2560 上的实例 a816c00e-0166-ddbb-78ee-00007220a008
----------------------------------------------------------------
